{
  "stats": {
    "suites": 1,
    "tests": 3,
    "passes": 1,
    "pending": 0,
    "failures": 2,
    "start": "2019-10-31T00:57:37.439Z",
    "end": "2019-10-31T00:59:09.331Z",
    "duration": 91892,
    "testsRegistered": 3,
    "passPercent": 33.33333333333333,
    "pendingPercent": 0,
    "other": 0,
    "hasOther": false,
    "skipped": 0,
    "hasSkipped": false
  },
  "results": [
    {
      "uuid": "8be9a4c7-c465-4425-b5e2-ccc174c6570b",
      "title": "",
      "fullFile": "",
      "file": "",
      "beforeHooks": [],
      "afterHooks": [],
      "tests": [],
      "suites": [
        {
          "uuid": "5dc3252d-74ec-454e-ae62-f30f177c107e",
          "title": "Habitica testing",
          "fullFile": "",
          "file": "",
          "beforeHooks": [],
          "afterHooks": [],
          "tests": [
            {
              "title": "Visits habitica and add a Habit",
              "fullTitle": "Habitica testing Visits habitica and add a Habit",
              "timedOut": null,
              "duration": 60428,
              "state": "failed",
              "speed": null,
              "pass": false,
              "fail": true,
              "pending": false,
              "context": null,
              "code": "cy.visit('http://localhost:8080/static/home'); //cy.contains('Ingresar').click()\ncy.get('a[href=\"/login\"]').click();\ncy.get('#login-form').find('input[id=\"usernameInput\"]').click().type(\"fakeUser1@fake.com\");\ncy.get('#login-form').find('input[id=\"passwordInput\"]').click().type(\"pruebas201902\");\ncy.get('.btn-info').click();\nif (cy.get('textarea[placeholder=\"Add a Habit\"]').should('exist')) {\n  cy.get('textarea[placeholder=\"Add a Habit\"]').click().clear().type(\"Habito de pruebas{enter}\"); //cy.get('h3').find('p').getText()\n  var tarea = cy.get('h3').find('p').contains(\"Habito de pruebas\");\n  tarea.invoke('text').then(function (text) {\n    expect(text).equal('Habito de pruebas');\n  });\n}",
              "err": {
                "message": "CypressError: Timed out after waiting '60000ms' for your remote page to load.\n\nYour page did not fire its 'load' event within '60000ms'.\n\nYou can try increasing the 'pageLoadTimeout' value in 'cypress.json' to wait longer.\n\nBrowsers will not fire the 'load' event until all stylesheets and scripts are done downloading.\n\nWhen this 'load' event occurs, Cypress will continue running commands.",
                "estack": "CypressError: Timed out after waiting '60000ms' for your remote page to load.\n\nYour page did not fire its 'load' event within '60000ms'.\n\nYou can try increasing the 'pageLoadTimeout' value in 'cypress.json' to wait longer.\n\nBrowsers will not fire the 'load' event until all stylesheets and scripts are done downloading.\n\nWhen this 'load' event occurs, Cypress will continue running commands.\n    at Object.cypressErr (http://localhost:8080/__cypress/runner/cypress_runner.js:85348:11)\n    at Object.throwErr (http://localhost:8080/__cypress/runner/cypress_runner.js:85303:18)\n    at Object.throwErrByPath (http://localhost:8080/__cypress/runner/cypress_runner.js:85335:17)\n    at timedOutWaitingForPageLoad (http://localhost:8080/__cypress/runner/cypress_runner.js:73257:17)\n    at visit.timeout.catch (http://localhost:8080/__cypress/runner/cypress_runner.js:74011:16)\n    at tryCatcher (http://localhost:8080/__cypress/runner/cypress_runner.js:118962:23)\n    at http://localhost:8080/__cypress/runner/cypress_runner.js:114103:41\n    at tryCatcher (http://localhost:8080/__cypress/runner/cypress_runner.js:118962:23)\n    at Promise._settlePromiseFromHandler (http://localhost:8080/__cypress/runner/cypress_runner.js:116898:31)\n    at Promise._settlePromise (http://localhost:8080/__cypress/runner/cypress_runner.js:116955:18)\n    at Promise._settlePromise0 (http://localhost:8080/__cypress/runner/cypress_runner.js:117000:10)\n    at Promise._settlePromises (http://localhost:8080/__cypress/runner/cypress_runner.js:117075:18)\n    at Async../node_modules/bluebird/js/release/async.js.Async._drainQueue (http://localhost:8080/__cypress/runner/cypress_runner.js:113687:16)\n    at Async../node_modules/bluebird/js/release/async.js.Async._drainQueues (http://localhost:8080/__cypress/runner/cypress_runner.js:113697:10)\n    at Async.drainQueues (http://localhost:8080/__cypress/runner/cypress_runner.js:113571:14)\n    at <anonymous>",
                "diff": null
              },
              "uuid": "8c947413-4c10-49ad-a8a0-b6f7ce7b560c",
              "parentUUID": "5dc3252d-74ec-454e-ae62-f30f177c107e",
              "isHook": false,
              "skipped": false
            },
            {
              "title": "Visits habitica and edit a habit",
              "fullTitle": "Habitica testing Visits habitica and edit a habit",
              "timedOut": null,
              "duration": 15081,
              "state": "passed",
              "speed": "slow",
              "pass": true,
              "fail": false,
              "pending": false,
              "context": null,
              "code": "cy.visit('http://localhost:8080/static/home'); //cy.contains('Ingresar').click()\ncy.get('a[href=\"/login\"]').click();\ncy.get('#login-form').find('input[id=\"usernameInput\"]').click().type(\"fakeUser1@fake.com\");\ncy.get('#login-form').find('input[id=\"passwordInput\"]').click().type(\"pruebas201902\");\ncy.get('.btn-info').click();\nif (cy.get('h3').find('p').contains(\"Habito de pruebas\").should('exist')) {\n  var tarea = cy.get('div').find('p').contains(\"Habito de pruebas\");\n  tarea.click();\n  var mod = cy.get('input[class=\"form-control title-input\"]');\n  mod.click().clear({\n    force: true\n  }).type(\"Habito modificado{enter}\");\n  cy.get('#task-modal .task-modal-footer').find('button[class=\"btn btn-primary\"]').click();\n}",
              "err": {},
              "uuid": "23206c2c-cbf3-4f79-98d0-c8a499e990ae",
              "parentUUID": "5dc3252d-74ec-454e-ae62-f30f177c107e",
              "isHook": false,
              "skipped": false
            },
            {
              "title": "Visits habitica and delete a habit",
              "fullTitle": "Habitica testing Visits habitica and delete a habit",
              "timedOut": null,
              "duration": 13320,
              "state": "failed",
              "speed": null,
              "pass": false,
              "fail": true,
              "pending": false,
              "context": null,
              "code": "cy.visit('http://localhost:8080/static/home');\ncy.get('a[href=\"/login\"]').click();\ncy.get('#login-form').find('input[id=\"usernameInput\"]').click().type(\"fakeUser1@fake.com\");\ncy.get('#login-form').find('input[id=\"passwordInput\"]').click().type(\"pruebas201902\");\ncy.get('.btn-info').click();\nif (cy.get('h3').find('p').contains(\"Habito de pruebas\").should('exist')) {\n  var tarea = cy.get('div').find('p').contains(\"Habito de pruebas\");\n  tarea.click();\n  cy.get('div').find('span').contains('Delete this Task').click();\n  expect(cy.get('h3').find('p').contains(\"Habito de pruebas\").should('not.exist'));\n}",
              "err": {
                "message": "CypressError: Timed out retrying: Expected not to find content: 'Habito de pruebas' within the element: [ <p>, 1 more... ] but continuously found it.",
                "estack": "CypressError: Timed out retrying: Expected not to find content: 'Habito de pruebas' within the element: [ <p>, 1 more... ] but continuously found it.\n    at Object.cypressErr (http://localhost:8080/__cypress/runner/cypress_runner.js:85348:11)\n    at Object.throwErr (http://localhost:8080/__cypress/runner/cypress_runner.js:85303:18)\n    at Object.throwErrByPath (http://localhost:8080/__cypress/runner/cypress_runner.js:85335:17)\n    at retry (http://localhost:8080/__cypress/runner/cypress_runner.js:77321:16)\n    at onFailFn (http://localhost:8080/__cypress/runner/cypress_runner.js:68422:16)\n    at tryCatcher (http://localhost:8080/__cypress/runner/cypress_runner.js:118962:23)\n    at Promise._settlePromiseFromHandler (http://localhost:8080/__cypress/runner/cypress_runner.js:116898:31)\n    at Promise._settlePromise (http://localhost:8080/__cypress/runner/cypress_runner.js:116955:18)\n    at Promise._settlePromise0 (http://localhost:8080/__cypress/runner/cypress_runner.js:117000:10)\n    at Promise._settlePromises (http://localhost:8080/__cypress/runner/cypress_runner.js:117075:18)\n    at Async../node_modules/bluebird/js/release/async.js.Async._drainQueue (http://localhost:8080/__cypress/runner/cypress_runner.js:113687:16)\n    at Async../node_modules/bluebird/js/release/async.js.Async._drainQueues (http://localhost:8080/__cypress/runner/cypress_runner.js:113697:10)\n    at Async.drainQueues (http://localhost:8080/__cypress/runner/cypress_runner.js:113571:14)\n    at <anonymous>",
                "diff": null
              },
              "uuid": "e3ba98bd-1b88-4bbe-a77a-7d63b23c1ca2",
              "parentUUID": "5dc3252d-74ec-454e-ae62-f30f177c107e",
              "isHook": false,
              "skipped": false
            }
          ],
          "suites": [],
          "passes": [
            "23206c2c-cbf3-4f79-98d0-c8a499e990ae"
          ],
          "failures": [
            "8c947413-4c10-49ad-a8a0-b6f7ce7b560c",
            "e3ba98bd-1b88-4bbe-a77a-7d63b23c1ca2"
          ],
          "pending": [],
          "skipped": [],
          "duration": 88829,
          "root": false,
          "rootEmpty": false,
          "_timeout": 2000
        }
      ],
      "passes": [],
      "failures": [],
      "pending": [],
      "skipped": [],
      "duration": 0,
      "root": true,
      "rootEmpty": true,
      "_timeout": 2000
    }
  ],
  "meta": {
    "mocha": {
      "version": "5.2.0"
    },
    "mochawesome": {
      "options": {
        "quiet": false,
        "reportFilename": "mochawesome",
        "saveHtml": false,
        "saveJson": true,
        "consoleReporter": "spec",
        "useInlineDiffs": false
      },
      "version": "4.1.0"
    },
    "marge": {
      "options": {
        "reportDir": "cypress/report/mochawesome-report",
        "overwrite": true,
        "html": false,
        "json": true,
        "timestamp": "mmddyyyy_HHMMss"
      },
      "version": "4.0.1"
    }
  }
}